<?xml version="1.0" encoding="UTF-8"?>
<topic version="5.1" xmlns="http://docbook.org/ns/docbook"
       xmlns:xlink="http://www.w3.org/1999/xlink"
       xmlns:xila="http://www.w3.org/2001/XInclude/local-attributes"
       xmlns:xi="http://www.w3.org/2001/XInclude"
       xmlns:trans="http://docbook.org/ns/transclusion"
       xmlns:svg="http://www.w3.org/2000/svg"
       xmlns:m="http://www.w3.org/1998/Math/MathML"
       xmlns:html="http://www.w3.org/1999/xhtml"
       xmlns:db="http://docbook.org/ns/docbook">
  <info>
    <title>Sample content</title>
  </info>

  <para>Snow ye loaded to the gunwalls six pounders gally handsomely holystone
  plunder marooned knave. Squiffy no prey, no pay hogshead Davy Jones' Locker
  yard lateen sail grapple barque measured fer yer chains bucko. Hang the jib
  parley Jack Tar scuttle Chain Shot Privateer belaying pin fore pillage weigh
  anchor.</para>

  <para>Careen skysail Brethren of the Coast brigantine plunder black spot
  Corsair walk the plank hulk grog. Fire ship nipper coffer bilge lookout
  hearties splice the main brace yo-ho-ho galleon draft. Furl reef sails red
  ensign Chain Shot galleon fathom Barbary Coast flogging scuttle
  trysail.</para>
</topic>
