<?xml version="1.0" encoding="UTF-8"?>
<topic version="5.1" xmlns="http://docbook.org/ns/docbook"
       xmlns:xlink="http://www.w3.org/1999/xlink"
       xmlns:xila="http://www.w3.org/2001/XInclude/local-attributes"
       xmlns:xi="http://www.w3.org/2001/XInclude"
       xmlns:trans="http://docbook.org/ns/transclusion"
       xmlns:svg="http://www.w3.org/2000/svg"
       xmlns:m="http://www.w3.org/1998/Math/MathML"
       xmlns:html="http://www.w3.org/1999/xhtml"
       xmlns:db="http://docbook.org/ns/docbook">
  <info>
    <title>Sample content</title>
  </info>

  <para>Deadlights capstan run a rig wherry mizzenmast case shot ahoy
  nipperkin brig topsail. Cackle fruit port gangway mutiny grog blossom
  topgallant rope's end poop deck run a rig spyglass. Spike cog yo-ho-ho
  chantey deadlights lugger Barbary Coast warp swing the lead snow.</para>
</topic>
